<?xml version="1.0" encoding="utf-8"?><testsuites name="pytest tests"><testsuite name="pytest" errors="0" failures="0" skipped="0" tests="19" time="1.352" timestamp="2025-10-15T19:53:58.495304+02:00" hostname="d975a53f6273"><testcase classname="api.tests.CryptoUnitTests" name="test__to_u64_bytes_big_endian_and_size" time="0.433" /><testcase classname="api.tests.CryptoUnitTests" name="test_build_plaintext_layout_and_window" time="0.004" /><testcase classname="api.tests.CryptoUnitTests" name="test_compute_cipher8_raises_on_wrong_sizes" time="0.004" /><testcase classname="api.tests.CryptoUnitTests" name="test_compute_cipher8_returns_8_bytes_and_is_deterministic" time="0.005" /><testcase classname="api.tests.CryptoUnitTests" name="test_derive_key_from_username_zero_pad_and_lowercase" time="0.003" /><testcase classname="api.tests.SerializerTests" name="test_encounter_user_serializer_generates_id_hex_when_missing" time="0.016" /><testcase classname="api.tests.SerializerTests" name="test_encounter_user_serializer_rejects_wrong_id_hex_length" time="0.004" /><testcase classname="api.tests.SerializerTests" name="test_encounter_user_serializer_unique_username" time="0.004" /><testcase classname="api.tests.SerializerTests" name="test_encounter_user_serializer_validates_and_creates" time="0.004" /><testcase classname="api.tests.SerializerTests" name="test_unique_enforced_at_db_level_race_fallback" time="0.004" /><testcase classname="api.tests.APITests" name="test_list_users_returns_all" time="0.084" /><testcase classname="api.tests.APITests" name="test_match_invalid_payload" time="0.012" /><testcase classname="api.tests.APITests" name="test_match_is_case_insensitive_on_cipher_hex" time="0.008" /><testcase classname="api.tests.APITests" name="test_match_not_found" time="0.006" /><testcase classname="api.tests.APITests" name="test_match_success" time="0.008" /><testcase classname="api.tests.APITests" name="test_register_user_duplicate_username" time="0.009" /><testcase classname="api.tests.APITests" name="test_register_user_generates_id_hex_when_missing" time="0.008" /><testcase classname="api.tests.APITests" name="test_register_user_success" time="0.008" /><testcase classname="api.tests.APITests" name="test_urls_exist" time="0.092" /></testsuite></testsuites>